<?xml version="1.0" encoding="UTF-8"?>
<coverage generated="1764400761744" clover="3.2.0">
  <project timestamp="1764400761744" name="All files">
    <metrics statements="227" coveredstatements="221" conditionals="47" coveredconditionals="42" methods="16" coveredmethods="16" elements="290" coveredelements="279" complexity="0" loc="227" ncloc="227" packages="1" files="1" classes="1"/>
    <file name="store.ts" path="C:\Users\nckne\OneDrive\Desktop\assign-eccom\assign-eccom\src\lib\store.ts">
      <metrics statements="227" coveredstatements="221" conditionals="47" coveredconditionals="42" methods="16" coveredmethods="16"/>
      <line num="1" count="1" type="stmt"/>
      <line num="2" count="1" type="stmt"/>
      <line num="3" count="1" type="stmt"/>
      <line num="4" count="1" type="stmt"/>
      <line num="5" count="1" type="stmt"/>
      <line num="6" count="1" type="stmt"/>
      <line num="7" count="1" type="stmt"/>
      <line num="8" count="1" type="stmt"/>
      <line num="9" count="1" type="stmt"/>
      <line num="10" count="1" type="stmt"/>
      <line num="11" count="1" type="stmt"/>
      <line num="12" count="1" type="stmt"/>
      <line num="13" count="1" type="stmt"/>
      <line num="14" count="1" type="stmt"/>
      <line num="15" count="1" type="cond" truecount="1" falsecount="0"/>
      <line num="16" count="1" type="stmt"/>
      <line num="17" count="1" type="cond" truecount="1" falsecount="0"/>
      <line num="18" count="6" type="stmt"/>
      <line num="19" count="6" type="stmt"/>
      <line num="20" count="6" type="stmt"/>
      <line num="21" count="6" type="stmt"/>
      <line num="22" count="6" type="stmt"/>
      <line num="23" count="6" type="stmt"/>
      <line num="24" count="6" type="stmt"/>
      <line num="25" count="6" type="stmt"/>
      <line num="26" count="6" type="stmt"/>
      <line num="27" count="6" type="stmt"/>
      <line num="28" count="6" type="stmt"/>
      <line num="29" count="6" type="stmt"/>
      <line num="30" count="6" type="stmt"/>
      <line num="31" count="6" type="stmt"/>
      <line num="32" count="6" type="stmt"/>
      <line num="33" count="6" type="stmt"/>
      <line num="34" count="6" type="stmt"/>
      <line num="35" count="6" type="stmt"/>
      <line num="36" count="6" type="stmt"/>
      <line num="37" count="6" type="stmt"/>
      <line num="38" count="6" type="stmt"/>
      <line num="39" count="6" type="stmt"/>
      <line num="40" count="6" type="stmt"/>
      <line num="41" count="6" type="stmt"/>
      <line num="42" count="6" type="stmt"/>
      <line num="43" count="6" type="stmt"/>
      <line num="44" count="6" type="stmt"/>
      <line num="45" count="1" type="stmt"/>
      <line num="46" count="1" type="stmt"/>
      <line num="47" count="1" type="stmt"/>
      <line num="48" count="1" type="stmt"/>
      <line num="49" count="18" type="cond" truecount="1" falsecount="0"/>
      <line num="50" count="18" type="stmt"/>
      <line num="51" count="18" type="stmt"/>
      <line num="52" count="18" type="stmt"/>
      <line num="53" count="18" type="stmt"/>
      <line num="54" count="18" type="stmt"/>
      <line num="55" count="18" type="stmt"/>
      <line num="56" count="1" type="stmt"/>
      <line num="57" count="1" type="stmt"/>
      <line num="58" count="1" type="stmt"/>
      <line num="59" count="1" type="stmt"/>
      <line num="60" count="1" type="stmt"/>
      <line num="61" count="1" type="stmt"/>
      <line num="62" count="48" type="cond" truecount="1" falsecount="0"/>
      <line num="63" count="48" type="stmt"/>
      <line num="64" count="48" type="cond" truecount="1" falsecount="0"/>
      <line num="65" count="48" type="stmt"/>
      <line num="66" count="48" type="cond" truecount="1" falsecount="0"/>
      <line num="67" count="8" type="stmt"/>
      <line num="68" count="8" type="stmt"/>
      <line num="69" count="48" type="stmt"/>
      <line num="70" count="48" type="stmt"/>
      <line num="71" count="48" type="stmt"/>
      <line num="72" count="48" type="stmt"/>
      <line num="73" count="48" type="stmt"/>
      <line num="74" count="48" type="stmt"/>
      <line num="75" count="48" type="cond" truecount="2" falsecount="0"/>
      <line num="76" count="48" type="stmt"/>
      <line num="77" count="48" type="stmt"/>
      <line num="78" count="1" type="stmt"/>
      <line num="79" count="1" type="stmt"/>
      <line num="80" count="1" type="stmt"/>
      <line num="81" count="1" type="cond" truecount="1" falsecount="0"/>
      <line num="82" count="17" type="stmt"/>
      <line num="83" count="17" type="stmt"/>
      <line num="84" count="17" type="stmt"/>
      <line num="85" count="17" type="stmt"/>
      <line num="86" count="17" type="stmt"/>
      <line num="87" count="1" type="stmt"/>
      <line num="88" count="1" type="cond" truecount="1" falsecount="0"/>
      <line num="89" count="19" type="stmt"/>
      <line num="90" count="19" type="stmt"/>
      <line num="91" count="1" type="stmt"/>
      <line num="92" count="1" type="cond" truecount="1" falsecount="0"/>
      <line num="93" count="8" type="stmt"/>
      <line num="94" count="8" type="stmt"/>
      <line num="95" count="1" type="stmt"/>
      <line num="96" count="1" type="cond" truecount="1" falsecount="0"/>
      <line num="97" count="19" type="cond" truecount="1" falsecount="0"/>
      <line num="98" count="19" type="cond" truecount="0" falsecount="1"/>
      <line num="99" count="0" type="stmt"/>
      <line num="100" count="0" type="stmt"/>
      <line num="101" count="19" type="stmt"/>
      <line num="102" count="19" type="cond" truecount="1" falsecount="0"/>
      <line num="103" count="1" type="stmt"/>
      <line num="104" count="1" type="stmt"/>
      <line num="105" count="19" type="cond" truecount="1" falsecount="0"/>
      <line num="106" count="18" type="stmt"/>
      <line num="107" count="18" type="stmt"/>
      <line num="108" count="18" type="stmt"/>
      <line num="109" count="18" type="stmt"/>
      <line num="110" count="18" type="stmt"/>
      <line num="111" count="18" type="stmt"/>
      <line num="112" count="18" type="stmt"/>
      <line num="113" count="18" type="stmt"/>
      <line num="114" count="18" type="stmt"/>
      <line num="115" count="18" type="stmt"/>
      <line num="116" count="18" type="stmt"/>
      <line num="117" count="19" type="stmt"/>
      <line num="118" count="19" type="stmt"/>
      <line num="119" count="1" type="stmt"/>
      <line num="120" count="1" type="cond" truecount="1" falsecount="0"/>
      <line num="121" count="2" type="stmt"/>
      <line num="122" count="2" type="stmt"/>
      <line num="123" count="2" type="cond" truecount="1" falsecount="0"/>
      <line num="124" count="1" type="stmt"/>
      <line num="125" count="1" type="stmt"/>
      <line num="126" count="1" type="stmt"/>
      <line num="127" count="1" type="stmt"/>
      <line num="128" count="2" type="cond" truecount="0" falsecount="1"/>
      <line num="129" count="0" type="stmt"/>
      <line num="130" count="0" type="stmt"/>
      <line num="131" count="2" type="stmt"/>
      <line num="132" count="2" type="stmt"/>
      <line num="133" count="1" type="stmt"/>
      <line num="134" count="1" type="cond" truecount="1" falsecount="0"/>
      <line num="135" count="5" type="stmt"/>
      <line num="136" count="5" type="stmt"/>
      <line num="137" count="5" type="stmt"/>
      <line num="138" count="5" type="stmt"/>
      <line num="139" count="1" type="stmt"/>
      <line num="140" count="1" type="cond" truecount="1" falsecount="0"/>
      <line num="141" count="6" type="cond" truecount="2" falsecount="0"/>
      <line num="142" count="6" type="cond" truecount="1" falsecount="0"/>
      <line num="143" count="2" type="stmt"/>
      <line num="144" count="2" type="cond" truecount="1" falsecount="0"/>
      <line num="145" count="4" type="stmt"/>
      <line num="146" count="4" type="stmt"/>
      <line num="147" count="4" type="stmt"/>
      <line num="148" count="1" type="stmt"/>
      <line num="149" count="1" type="cond" truecount="1" falsecount="0"/>
      <line num="150" count="1" type="stmt"/>
      <line num="151" count="1" type="stmt"/>
      <line num="152" count="1" type="stmt"/>
      <line num="153" count="1" type="stmt"/>
      <line num="154" count="1" type="cond" truecount="1" falsecount="0"/>
      <line num="155" count="9" type="stmt"/>
      <line num="156" count="9" type="cond" truecount="1" falsecount="0"/>
      <line num="157" count="1" type="stmt"/>
      <line num="158" count="1" type="cond" truecount="1" falsecount="0"/>
      <line num="159" count="8" type="stmt"/>
      <line num="160" count="8" type="stmt"/>
      <line num="161" count="8" type="stmt"/>
      <line num="162" count="8" type="stmt"/>
      <line num="163" count="8" type="stmt"/>
      <line num="164" count="8" type="stmt"/>
      <line num="165" count="8" type="stmt"/>
      <line num="166" count="8" type="stmt"/>
      <line num="167" count="8" type="stmt"/>
      <line num="168" count="8" type="stmt"/>
      <line num="169" count="8" type="stmt"/>
      <line num="170" count="8" type="stmt"/>
      <line num="171" count="8" type="stmt"/>
      <line num="172" count="8" type="stmt"/>
      <line num="173" count="9" type="cond" truecount="1" falsecount="0"/>
      <line num="174" count="2" type="cond" truecount="1" falsecount="0"/>
      <line num="175" count="2" type="stmt"/>
      <line num="176" count="2" type="stmt"/>
      <line num="177" count="2" type="stmt"/>
      <line num="178" count="2" type="cond" truecount="1" falsecount="0"/>
      <line num="179" count="8" type="stmt"/>
      <line num="180" count="8" type="stmt"/>
      <line num="181" count="9" type="cond" truecount="1" falsecount="0"/>
      <line num="182" count="2" type="cond" truecount="0" falsecount="1"/>
      <line num="183" count="2" type="cond" truecount="1" falsecount="0"/>
      <line num="184" count="8" type="stmt"/>
      <line num="185" count="8" type="stmt"/>
      <line num="186" count="8" type="stmt"/>
      <line num="187" count="8" type="stmt"/>
      <line num="188" count="8" type="stmt"/>
      <line num="189" count="8" type="stmt"/>
      <line num="190" count="1" type="stmt"/>
      <line num="191" count="1" type="cond" truecount="1" falsecount="0"/>
      <line num="192" count="2" type="cond" truecount="0" falsecount="2"/>
      <line num="193" count="0" type="stmt"/>
      <line num="194" count="0" type="stmt"/>
      <line num="195" count="2" type="stmt"/>
      <line num="196" count="2" type="stmt"/>
      <line num="197" count="2" type="stmt"/>
      <line num="198" count="2" type="stmt"/>
      <line num="199" count="2" type="stmt"/>
      <line num="200" count="2" type="stmt"/>
      <line num="201" count="2" type="stmt"/>
      <line num="202" count="2" type="stmt"/>
      <line num="203" count="2" type="stmt"/>
      <line num="204" count="1" type="stmt"/>
      <line num="205" count="1" type="cond" truecount="1" falsecount="0"/>
      <line num="206" count="1" type="stmt"/>
      <line num="207" count="1" type="stmt"/>
      <line num="208" count="1" type="stmt"/>
      <line num="209" count="1" type="cond" truecount="1" falsecount="0"/>
      <line num="210" count="2" type="cond" truecount="2" falsecount="0"/>
      <line num="211" count="2" type="stmt"/>
      <line num="212" count="1" type="stmt"/>
      <line num="213" count="1" type="cond" truecount="1" falsecount="0"/>
      <line num="214" count="3" type="cond" truecount="1" falsecount="0"/>
      <line num="215" count="3" type="cond" truecount="2" falsecount="0"/>
      <line num="216" count="3" type="cond" truecount="1" falsecount="0"/>
      <line num="217" count="3" type="stmt"/>
      <line num="218" count="3" type="stmt"/>
      <line num="219" count="3" type="stmt"/>
      <line num="220" count="3" type="stmt"/>
      <line num="221" count="3" type="stmt"/>
      <line num="222" count="3" type="stmt"/>
      <line num="223" count="3" type="stmt"/>
      <line num="224" count="3" type="stmt"/>
      <line num="225" count="1" type="stmt"/>
      <line num="226" count="1" type="stmt"/>
      <line num="227" count="1" type="stmt"/>
    </file>
  </project>
</coverage>
