{"C:\\Users\\nckne\\OneDrive\\Desktop\\assign-eccom\\assign-eccom\\src\\lib\\store.ts": {"path":"C:\\Users\\nckne\\OneDrive\\Desktop\\assign-eccom\\assign-eccom\\src\\lib\\store.ts","all":false,"statementMap":{"0":{"start":{"line":1,"column":0},"end":{"line":1,"column":100}},"1":{"start":{"line":2,"column":0},"end":{"line":2,"column":57}},"2":{"start":{"line":3,"column":0},"end":{"line":3,"column":36}},"3":{"start":{"line":4,"column":0},"end":{"line":4,"column":0}},"4":{"start":{"line":5,"column":0},"end":{"line":5,"column":57}},"5":{"start":{"line":6,"column":0},"end":{"line":6,"column":0}},"6":{"start":{"line":7,"column":0},"end":{"line":7,"column":24}},"7":{"start":{"line":8,"column":0},"end":{"line":8,"column":29}},"8":{"start":{"line":9,"column":0},"end":{"line":9,"column":44}},"9":{"start":{"line":10,"column":0},"end":{"line":10,"column":52}},"10":{"start":{"line":11,"column":0},"end":{"line":11,"column":25}},"11":{"start":{"line":12,"column":0},"end":{"line":12,"column":39}},"12":{"start":{"line":13,"column":0},"end":{"line":13,"column":0}},"13":{"start":{"line":14,"column":0},"end":{"line":14,"column":45}},"14":{"start":{"line":15,"column":0},"end":{"line":15,"column":31}},"15":{"start":{"line":16,"column":0},"end":{"line":16,"column":32}},"16":{"start":{"line":17,"column":0},"end":{"line":17,"column":58}},"17":{"start":{"line":18,"column":0},"end":{"line":18,"column":34}},"18":{"start":{"line":19,"column":0},"end":{"line":19,"column":38}},"19":{"start":{"line":20,"column":0},"end":{"line":20,"column":42}},"20":{"start":{"line":21,"column":0},"end":{"line":21,"column":39}},"21":{"start":{"line":22,"column":0},"end":{"line":22,"column":35}},"22":{"start":{"line":23,"column":0},"end":{"line":23,"column":36}},"23":{"start":{"line":24,"column":0},"end":{"line":24,"column":40}},"24":{"start":{"line":25,"column":0},"end":{"line":25,"column":14}},"25":{"start":{"line":26,"column":0},"end":{"line":26,"column":41}},"26":{"start":{"line":27,"column":0},"end":{"line":27,"column":102}},"27":{"start":{"line":28,"column":0},"end":{"line":28,"column":117}},"28":{"start":{"line":29,"column":0},"end":{"line":29,"column":108}},"29":{"start":{"line":30,"column":0},"end":{"line":30,"column":104}},"30":{"start":{"line":31,"column":0},"end":{"line":31,"column":104}},"31":{"start":{"line":32,"column":0},"end":{"line":32,"column":108}},"32":{"start":{"line":33,"column":0},"end":{"line":33,"column":14}},"33":{"start":{"line":34,"column":0},"end":{"line":34,"column":71}},"34":{"start":{"line":35,"column":0},"end":{"line":35,"column":0}},"35":{"start":{"line":36,"column":0},"end":{"line":36,"column":20}},"36":{"start":{"line":37,"column":0},"end":{"line":37,"column":40}},"37":{"start":{"line":38,"column":0},"end":{"line":38,"column":42}},"38":{"start":{"line":39,"column":0},"end":{"line":39,"column":56}},"39":{"start":{"line":40,"column":0},"end":{"line":40,"column":37}},"40":{"start":{"line":41,"column":0},"end":{"line":41,"column":39}},"41":{"start":{"line":42,"column":0},"end":{"line":42,"column":41}},"42":{"start":{"line":43,"column":0},"end":{"line":43,"column":13}},"43":{"start":{"line":44,"column":0},"end":{"line":44,"column":11}},"44":{"start":{"line":45,"column":0},"end":{"line":45,"column":5}},"45":{"start":{"line":46,"column":0},"end":{"line":46,"column":1}},"46":{"start":{"line":47,"column":0},"end":{"line":47,"column":0}},"47":{"start":{"line":48,"column":0},"end":{"line":48,"column":47}},"48":{"start":{"line":49,"column":0},"end":{"line":49,"column":32}},"49":{"start":{"line":50,"column":0},"end":{"line":50,"column":22}},"50":{"start":{"line":51,"column":0},"end":{"line":51,"column":23}},"51":{"start":{"line":52,"column":0},"end":{"line":52,"column":23}},"52":{"start":{"line":53,"column":0},"end":{"line":53,"column":22}},"53":{"start":{"line":54,"column":0},"end":{"line":54,"column":7}},"54":{"start":{"line":55,"column":0},"end":{"line":55,"column":1}},"55":{"start":{"line":56,"column":0},"end":{"line":56,"column":0}},"56":{"start":{"line":57,"column":0},"end":{"line":57,"column":30}},"57":{"start":{"line":58,"column":0},"end":{"line":58,"column":21}},"58":{"start":{"line":59,"column":0},"end":{"line":59,"column":22}},"59":{"start":{"line":60,"column":0},"end":{"line":60,"column":0}},"60":{"start":{"line":61,"column":0},"end":{"line":61,"column":0}},"61":{"start":{"line":62,"column":0},"end":{"line":62,"column":31}},"62":{"start":{"line":63,"column":0},"end":{"line":63,"column":44}},"63":{"start":{"line":64,"column":0},"end":{"line":64,"column":86}},"64":{"start":{"line":65,"column":0},"end":{"line":65,"column":27}},"65":{"start":{"line":66,"column":0},"end":{"line":66,"column":30}},"66":{"start":{"line":67,"column":0},"end":{"line":67,"column":75}},"67":{"start":{"line":68,"column":0},"end":{"line":68,"column":5}},"68":{"start":{"line":69,"column":0},"end":{"line":69,"column":44}},"69":{"start":{"line":70,"column":0},"end":{"line":70,"column":12}},"70":{"start":{"line":71,"column":0},"end":{"line":71,"column":14}},"71":{"start":{"line":72,"column":0},"end":{"line":72,"column":17}},"72":{"start":{"line":73,"column":0},"end":{"line":73,"column":23}},"73":{"start":{"line":74,"column":0},"end":{"line":74,"column":14}},"74":{"start":{"line":75,"column":0},"end":{"line":75,"column":63}},"75":{"start":{"line":76,"column":0},"end":{"line":76,"column":6}},"76":{"start":{"line":77,"column":0},"end":{"line":77,"column":1}},"77":{"start":{"line":78,"column":0},"end":{"line":78,"column":0}},"78":{"start":{"line":79,"column":0},"end":{"line":79,"column":23}},"79":{"start":{"line":80,"column":0},"end":{"line":80,"column":63}},"80":{"start":{"line":81,"column":0},"end":{"line":81,"column":24}},"81":{"start":{"line":82,"column":0},"end":{"line":82,"column":21}},"82":{"start":{"line":83,"column":0},"end":{"line":83,"column":35}},"83":{"start":{"line":84,"column":0},"end":{"line":84,"column":20}},"84":{"start":{"line":85,"column":0},"end":{"line":85,"column":30}},"85":{"start":{"line":86,"column":0},"end":{"line":86,"column":5}},"86":{"start":{"line":87,"column":0},"end":{"line":87,"column":4}},"87":{"start":{"line":88,"column":0},"end":{"line":88,"column":30}},"88":{"start":{"line":89,"column":0},"end":{"line":89,"column":24}},"89":{"start":{"line":90,"column":0},"end":{"line":90,"column":5}},"90":{"start":{"line":91,"column":0},"end":{"line":91,"column":0}},"91":{"start":{"line":92,"column":0},"end":{"line":92,"column":21}},"92":{"start":{"line":93,"column":0},"end":{"line":93,"column":30}},"93":{"start":{"line":94,"column":0},"end":{"line":94,"column":5}},"94":{"start":{"line":95,"column":0},"end":{"line":95,"column":0}},"95":{"start":{"line":96,"column":0},"end":{"line":96,"column":58}},"96":{"start":{"line":97,"column":0},"end":{"line":97,"column":63}},"97":{"start":{"line":98,"column":0},"end":{"line":98,"column":23}},"98":{"start":{"line":99,"column":0},"end":{"line":99,"column":49}},"99":{"start":{"line":100,"column":0},"end":{"line":100,"column":9}},"100":{"start":{"line":101,"column":0},"end":{"line":101,"column":0}},"101":{"start":{"line":102,"column":0},"end":{"line":102,"column":34}},"102":{"start":{"line":103,"column":0},"end":{"line":103,"column":54}},"103":{"start":{"line":104,"column":0},"end":{"line":104,"column":46}},"104":{"start":{"line":105,"column":0},"end":{"line":105,"column":16}},"105":{"start":{"line":106,"column":0},"end":{"line":106,"column":43}},"106":{"start":{"line":107,"column":0},"end":{"line":107,"column":31}},"107":{"start":{"line":108,"column":0},"end":{"line":108,"column":35}},"108":{"start":{"line":109,"column":0},"end":{"line":109,"column":49}},"109":{"start":{"line":110,"column":0},"end":{"line":110,"column":37}},"110":{"start":{"line":111,"column":0},"end":{"line":111,"column":43}},"111":{"start":{"line":112,"column":0},"end":{"line":112,"column":45}},"112":{"start":{"line":113,"column":0},"end":{"line":113,"column":34}},"113":{"start":{"line":114,"column":0},"end":{"line":114,"column":14}},"114":{"start":{"line":115,"column":0},"end":{"line":115,"column":45}},"115":{"start":{"line":116,"column":0},"end":{"line":116,"column":9}},"116":{"start":{"line":117,"column":0},"end":{"line":117,"column":30}},"117":{"start":{"line":118,"column":0},"end":{"line":118,"column":5}},"118":{"start":{"line":119,"column":0},"end":{"line":119,"column":4}},"119":{"start":{"line":120,"column":0},"end":{"line":120,"column":45}},"120":{"start":{"line":121,"column":0},"end":{"line":121,"column":41}},"121":{"start":{"line":122,"column":0},"end":{"line":122,"column":19}},"122":{"start":{"line":123,"column":0},"end":{"line":123,"column":36}},"123":{"start":{"line":124,"column":0},"end":{"line":124,"column":35}},"124":{"start":{"line":125,"column":0},"end":{"line":125,"column":20}},"125":{"start":{"line":126,"column":0},"end":{"line":126,"column":39}},"126":{"start":{"line":127,"column":0},"end":{"line":127,"column":13}},"127":{"start":{"line":128,"column":0},"end":{"line":128,"column":16}},"128":{"start":{"line":129,"column":0},"end":{"line":129,"column":48}},"129":{"start":{"line":130,"column":0},"end":{"line":130,"column":9}},"130":{"start":{"line":131,"column":0},"end":{"line":131,"column":30}},"131":{"start":{"line":132,"column":0},"end":{"line":132,"column":5}},"132":{"start":{"line":133,"column":0},"end":{"line":133,"column":0}},"133":{"start":{"line":134,"column":0},"end":{"line":134,"column":23}},"134":{"start":{"line":135,"column":0},"end":{"line":135,"column":21}},"135":{"start":{"line":136,"column":0},"end":{"line":136,"column":35}},"136":{"start":{"line":137,"column":0},"end":{"line":137,"column":30}},"137":{"start":{"line":138,"column":0},"end":{"line":138,"column":5}},"138":{"start":{"line":139,"column":0},"end":{"line":139,"column":0}},"139":{"start":{"line":140,"column":0},"end":{"line":140,"column":39}},"140":{"start":{"line":141,"column":0},"end":{"line":141,"column":107}},"141":{"start":{"line":142,"column":0},"end":{"line":142,"column":24}},"142":{"start":{"line":143,"column":0},"end":{"line":143,"column":62}},"143":{"start":{"line":144,"column":0},"end":{"line":144,"column":9}},"144":{"start":{"line":145,"column":0},"end":{"line":145,"column":39}},"145":{"start":{"line":146,"column":0},"end":{"line":146,"column":30}},"146":{"start":{"line":147,"column":0},"end":{"line":147,"column":5}},"147":{"start":{"line":148,"column":0},"end":{"line":148,"column":0}},"148":{"start":{"line":149,"column":0},"end":{"line":149,"column":28}},"149":{"start":{"line":150,"column":0},"end":{"line":150,"column":35}},"150":{"start":{"line":151,"column":0},"end":{"line":151,"column":30}},"151":{"start":{"line":152,"column":0},"end":{"line":152,"column":5}},"152":{"start":{"line":153,"column":0},"end":{"line":153,"column":0}},"153":{"start":{"line":154,"column":0},"end":{"line":154,"column":97}},"154":{"start":{"line":155,"column":0},"end":{"line":155,"column":41}},"155":{"start":{"line":156,"column":0},"end":{"line":156,"column":43}},"156":{"start":{"line":157,"column":0},"end":{"line":157,"column":74}},"157":{"start":{"line":158,"column":0},"end":{"line":158,"column":9}},"158":{"start":{"line":159,"column":0},"end":{"line":159,"column":0}},"159":{"start":{"line":160,"column":0},"end":{"line":160,"column":30}},"160":{"start":{"line":161,"column":0},"end":{"line":161,"column":25}},"161":{"start":{"line":162,"column":0},"end":{"line":162,"column":35}},"162":{"start":{"line":163,"column":0},"end":{"line":163,"column":41}},"163":{"start":{"line":164,"column":0},"end":{"line":164,"column":53}},"164":{"start":{"line":165,"column":0},"end":{"line":165,"column":35}},"165":{"start":{"line":166,"column":0},"end":{"line":166,"column":63}},"166":{"start":{"line":167,"column":0},"end":{"line":167,"column":34}},"167":{"start":{"line":168,"column":0},"end":{"line":168,"column":44}},"168":{"start":{"line":169,"column":0},"end":{"line":169,"column":10}},"169":{"start":{"line":170,"column":0},"end":{"line":170,"column":0}},"170":{"start":{"line":171,"column":0},"end":{"line":171,"column":27}},"171":{"start":{"line":172,"column":0},"end":{"line":172,"column":0}},"172":{"start":{"line":173,"column":0},"end":{"line":173,"column":34}},"173":{"start":{"line":174,"column":0},"end":{"line":174,"column":97}},"174":{"start":{"line":175,"column":0},"end":{"line":175,"column":35}},"175":{"start":{"line":176,"column":0},"end":{"line":176,"column":55}},"176":{"start":{"line":177,"column":0},"end":{"line":177,"column":13}},"177":{"start":{"line":178,"column":0},"end":{"line":178,"column":9}},"178":{"start":{"line":179,"column":0},"end":{"line":179,"column":8}},"179":{"start":{"line":180,"column":0},"end":{"line":180,"column":50}},"180":{"start":{"line":181,"column":0},"end":{"line":181,"column":46}},"181":{"start":{"line":182,"column":0},"end":{"line":182,"column":75}},"182":{"start":{"line":183,"column":0},"end":{"line":183,"column":9}},"183":{"start":{"line":184,"column":0},"end":{"line":184,"column":8}},"184":{"start":{"line":185,"column":0},"end":{"line":185,"column":84}},"185":{"start":{"line":186,"column":0},"end":{"line":186,"column":29}},"186":{"start":{"line":187,"column":0},"end":{"line":187,"column":0}},"187":{"start":{"line":188,"column":0},"end":{"line":188,"column":38}},"188":{"start":{"line":189,"column":0},"end":{"line":189,"column":5}},"189":{"start":{"line":190,"column":0},"end":{"line":190,"column":0}},"190":{"start":{"line":191,"column":0},"end":{"line":191,"column":75}},"191":{"start":{"line":192,"column":0},"end":{"line":192,"column":87}},"192":{"start":{"line":193,"column":0},"end":{"line":193,"column":24}},"193":{"start":{"line":194,"column":0},"end":{"line":194,"column":9}},"194":{"start":{"line":195,"column":0},"end":{"line":195,"column":0}},"195":{"start":{"line":196,"column":0},"end":{"line":196,"column":43}},"196":{"start":{"line":197,"column":0},"end":{"line":197,"column":69}},"197":{"start":{"line":198,"column":0},"end":{"line":198,"column":27}},"198":{"start":{"line":199,"column":0},"end":{"line":199,"column":25}},"199":{"start":{"line":200,"column":0},"end":{"line":200,"column":10}},"200":{"start":{"line":201,"column":0},"end":{"line":201,"column":40}},"201":{"start":{"line":202,"column":0},"end":{"line":202,"column":27}},"202":{"start":{"line":203,"column":0},"end":{"line":203,"column":5}},"203":{"start":{"line":204,"column":0},"end":{"line":204,"column":0}},"204":{"start":{"line":205,"column":0},"end":{"line":205,"column":26}},"205":{"start":{"line":206,"column":0},"end":{"line":206,"column":37}},"206":{"start":{"line":207,"column":0},"end":{"line":207,"column":5}},"207":{"start":{"line":208,"column":0},"end":{"line":208,"column":0}},"208":{"start":{"line":209,"column":0},"end":{"line":209,"column":49}},"209":{"start":{"line":210,"column":0},"end":{"line":210,"column":58}},"210":{"start":{"line":211,"column":0},"end":{"line":211,"column":5}},"211":{"start":{"line":212,"column":0},"end":{"line":212,"column":0}},"212":{"start":{"line":213,"column":0},"end":{"line":213,"column":33}},"213":{"start":{"line":214,"column":0},"end":{"line":214,"column":80}},"214":{"start":{"line":215,"column":0},"end":{"line":215,"column":132}},"215":{"start":{"line":216,"column":0},"end":{"line":216,"column":97}},"216":{"start":{"line":217,"column":0},"end":{"line":217,"column":0}},"217":{"start":{"line":218,"column":0},"end":{"line":218,"column":16}},"218":{"start":{"line":219,"column":0},"end":{"line":219,"column":22}},"219":{"start":{"line":220,"column":0},"end":{"line":220,"column":24}},"220":{"start":{"line":221,"column":0},"end":{"line":221,"column":56}},"221":{"start":{"line":222,"column":0},"end":{"line":222,"column":31}},"222":{"start":{"line":223,"column":0},"end":{"line":223,"column":10}},"223":{"start":{"line":224,"column":0},"end":{"line":224,"column":5}},"224":{"start":{"line":225,"column":0},"end":{"line":225,"column":1}},"225":{"start":{"line":226,"column":0},"end":{"line":226,"column":0}},"226":{"start":{"line":227,"column":0},"end":{"line":227,"column":43}}},"s":{"0":1,"1":1,"2":1,"3":1,"4":1,"5":1,"6":1,"7":1,"8":1,"9":1,"10":1,"11":1,"12":1,"13":1,"14":1,"15":1,"16":1,"17":6,"18":6,"19":6,"20":6,"21":6,"22":6,"23":6,"24":6,"25":6,"26":6,"27":6,"28":6,"29":6,"30":6,"31":6,"32":6,"33":6,"34":6,"35":6,"36":6,"37":6,"38":6,"39":6,"40":6,"41":6,"42":6,"43":6,"44":1,"45":1,"46":1,"47":1,"48":18,"49":18,"50":18,"51":18,"52":18,"53":18,"54":18,"55":1,"56":1,"57":1,"58":1,"59":1,"60":1,"61":48,"62":48,"63":48,"64":48,"65":48,"66":8,"67":8,"68":48,"69":48,"70":48,"71":48,"72":48,"73":48,"74":48,"75":48,"76":48,"77":1,"78":1,"79":1,"80":1,"81":17,"82":17,"83":17,"84":17,"85":17,"86":1,"87":1,"88":19,"89":19,"90":1,"91":1,"92":8,"93":8,"94":1,"95":1,"96":19,"97":19,"98":0,"99":0,"100":19,"101":19,"102":1,"103":1,"104":19,"105":18,"106":18,"107":18,"108":18,"109":18,"110":18,"111":18,"112":18,"113":18,"114":18,"115":18,"116":19,"117":19,"118":1,"119":1,"120":2,"121":2,"122":2,"123":1,"124":1,"125":1,"126":1,"127":2,"128":0,"129":0,"130":2,"131":2,"132":1,"133":1,"134":5,"135":5,"136":5,"137":5,"138":1,"139":1,"140":6,"141":6,"142":2,"143":2,"144":4,"145":4,"146":4,"147":1,"148":1,"149":1,"150":1,"151":1,"152":1,"153":1,"154":9,"155":9,"156":1,"157":1,"158":8,"159":8,"160":8,"161":8,"162":8,"163":8,"164":8,"165":8,"166":8,"167":8,"168":8,"169":8,"170":8,"171":8,"172":9,"173":2,"174":2,"175":2,"176":2,"177":2,"178":8,"179":8,"180":9,"181":2,"182":2,"183":8,"184":8,"185":8,"186":8,"187":8,"188":8,"189":1,"190":1,"191":2,"192":0,"193":0,"194":2,"195":2,"196":2,"197":2,"198":2,"199":2,"200":2,"201":2,"202":2,"203":1,"204":1,"205":1,"206":1,"207":1,"208":1,"209":2,"210":2,"211":1,"212":1,"213":3,"214":3,"215":3,"216":3,"217":3,"218":3,"219":3,"220":3,"221":3,"222":3,"223":3,"224":1,"225":1,"226":1},"branchMap":{"0":{"type":"branch","line":15,"loc":{"start":{"line":15,"column":0},"end":{"line":46,"column":1}},"locations":[{"start":{"line":15,"column":0},"end":{"line":46,"column":1}}]},"1":{"type":"branch","line":17,"loc":{"start":{"line":17,"column":41},"end":{"line":44,"column":11}},"locations":[{"start":{"line":17,"column":41},"end":{"line":44,"column":11}}]},"2":{"type":"branch","line":49,"loc":{"start":{"line":49,"column":0},"end":{"line":55,"column":1}},"locations":[{"start":{"line":49,"column":0},"end":{"line":55,"column":1}}]},"3":{"type":"branch","line":62,"loc":{"start":{"line":62,"column":0},"end":{"line":77,"column":1}},"locations":[{"start":{"line":62,"column":0},"end":{"line":77,"column":1}}]},"4":{"type":"branch","line":66,"loc":{"start":{"line":66,"column":29},"end":{"line":68,"column":5}},"locations":[{"start":{"line":66,"column":29},"end":{"line":68,"column":5}}]},"5":{"type":"branch","line":75,"loc":{"start":{"line":75,"column":29},"end":{"line":75,"column":58}},"locations":[{"start":{"line":75,"column":29},"end":{"line":75,"column":58}}]},"6":{"type":"branch","line":75,"loc":{"start":{"line":75,"column":50},"end":{"line":75,"column":63}},"locations":[{"start":{"line":75,"column":50},"end":{"line":75,"column":63}}]},"7":{"type":"branch","line":64,"loc":{"start":{"line":64,"column":34},"end":{"line":64,"column":81}},"locations":[{"start":{"line":64,"column":34},"end":{"line":64,"column":81}}]},"8":{"type":"branch","line":81,"loc":{"start":{"line":81,"column":4},"end":{"line":86,"column":5}},"locations":[{"start":{"line":81,"column":4},"end":{"line":86,"column":5}}]},"9":{"type":"branch","line":88,"loc":{"start":{"line":88,"column":4},"end":{"line":90,"column":5}},"locations":[{"start":{"line":88,"column":4},"end":{"line":90,"column":5}}]},"10":{"type":"branch","line":92,"loc":{"start":{"line":92,"column":4},"end":{"line":94,"column":5}},"locations":[{"start":{"line":92,"column":4},"end":{"line":94,"column":5}}]},"11":{"type":"branch","line":96,"loc":{"start":{"line":96,"column":4},"end":{"line":118,"column":5}},"locations":[{"start":{"line":96,"column":4},"end":{"line":118,"column":5}}]},"12":{"type":"branch","line":98,"loc":{"start":{"line":98,"column":22},"end":{"line":100,"column":9}},"locations":[{"start":{"line":98,"column":22},"end":{"line":100,"column":9}}]},"13":{"type":"branch","line":102,"loc":{"start":{"line":102,"column":33},"end":{"line":105,"column":15}},"locations":[{"start":{"line":102,"column":33},"end":{"line":105,"column":15}}]},"14":{"type":"branch","line":105,"loc":{"start":{"line":105,"column":8},"end":{"line":116,"column":9}},"locations":[{"start":{"line":105,"column":8},"end":{"line":116,"column":9}}]},"15":{"type":"branch","line":97,"loc":{"start":{"line":97,"column":38},"end":{"line":97,"column":63}},"locations":[{"start":{"line":97,"column":38},"end":{"line":97,"column":63}}]},"16":{"type":"branch","line":120,"loc":{"start":{"line":120,"column":4},"end":{"line":132,"column":5}},"locations":[{"start":{"line":120,"column":4},"end":{"line":132,"column":5}}]},"17":{"type":"branch","line":123,"loc":{"start":{"line":123,"column":35},"end":{"line":127,"column":13}},"locations":[{"start":{"line":123,"column":35},"end":{"line":127,"column":13}}]},"18":{"type":"branch","line":128,"loc":{"start":{"line":128,"column":8},"end":{"line":130,"column":9}},"locations":[{"start":{"line":128,"column":8},"end":{"line":130,"column":9}}]},"19":{"type":"branch","line":134,"loc":{"start":{"line":134,"column":4},"end":{"line":138,"column":5}},"locations":[{"start":{"line":134,"column":4},"end":{"line":138,"column":5}}]},"20":{"type":"branch","line":140,"loc":{"start":{"line":140,"column":4},"end":{"line":147,"column":5}},"locations":[{"start":{"line":140,"column":4},"end":{"line":147,"column":5}}]},"21":{"type":"branch","line":142,"loc":{"start":{"line":142,"column":23},"end":{"line":144,"column":9}},"locations":[{"start":{"line":142,"column":23},"end":{"line":144,"column":9}}]},"22":{"type":"branch","line":144,"loc":{"start":{"line":144,"column":8},"end":{"line":147,"column":5}},"locations":[{"start":{"line":144,"column":8},"end":{"line":147,"column":5}}]},"23":{"type":"branch","line":141,"loc":{"start":{"line":141,"column":44},"end":{"line":141,"column":105}},"locations":[{"start":{"line":141,"column":44},"end":{"line":141,"column":105}}]},"24":{"type":"branch","line":141,"loc":{"start":{"line":141,"column":90},"end":{"line":141,"column":105}},"locations":[{"start":{"line":141,"column":90},"end":{"line":141,"column":105}}]},"25":{"type":"branch","line":149,"loc":{"start":{"line":149,"column":4},"end":{"line":152,"column":5}},"locations":[{"start":{"line":149,"column":4},"end":{"line":152,"column":5}}]},"26":{"type":"branch","line":154,"loc":{"start":{"line":154,"column":4},"end":{"line":189,"column":5}},"locations":[{"start":{"line":154,"column":4},"end":{"line":189,"column":5}}]},"27":{"type":"branch","line":156,"loc":{"start":{"line":156,"column":42},"end":{"line":158,"column":9}},"locations":[{"start":{"line":156,"column":42},"end":{"line":158,"column":9}}]},"28":{"type":"branch","line":158,"loc":{"start":{"line":158,"column":8},"end":{"line":173,"column":33}},"locations":[{"start":{"line":158,"column":8},"end":{"line":173,"column":33}}]},"29":{"type":"branch","line":173,"loc":{"start":{"line":173,"column":33},"end":{"line":178,"column":9}},"locations":[{"start":{"line":173,"column":33},"end":{"line":178,"column":9}}]},"30":{"type":"branch","line":178,"loc":{"start":{"line":178,"column":8},"end":{"line":181,"column":45}},"locations":[{"start":{"line":178,"column":8},"end":{"line":181,"column":45}}]},"31":{"type":"branch","line":181,"loc":{"start":{"line":181,"column":45},"end":{"line":183,"column":9}},"locations":[{"start":{"line":181,"column":45},"end":{"line":183,"column":9}}]},"32":{"type":"branch","line":182,"loc":{"start":{"line":182,"column":56},"end":{"line":182,"column":75}},"locations":[{"start":{"line":182,"column":56},"end":{"line":182,"column":75}}]},"33":{"type":"branch","line":183,"loc":{"start":{"line":183,"column":8},"end":{"line":189,"column":5}},"locations":[{"start":{"line":183,"column":8},"end":{"line":189,"column":5}}]},"34":{"type":"branch","line":174,"loc":{"start":{"line":174,"column":54},"end":{"line":174,"column":95}},"locations":[{"start":{"line":174,"column":54},"end":{"line":174,"column":95}}]},"35":{"type":"branch","line":191,"loc":{"start":{"line":191,"column":4},"end":{"line":203,"column":5}},"locations":[{"start":{"line":191,"column":4},"end":{"line":203,"column":5}}]},"36":{"type":"branch","line":192,"loc":{"start":{"line":192,"column":13},"end":{"line":192,"column":86}},"locations":[{"start":{"line":192,"column":13},"end":{"line":192,"column":86}}]},"37":{"type":"branch","line":192,"loc":{"start":{"line":192,"column":86},"end":{"line":194,"column":9}},"locations":[{"start":{"line":192,"column":86},"end":{"line":194,"column":9}}]},"38":{"type":"branch","line":205,"loc":{"start":{"line":205,"column":4},"end":{"line":207,"column":5}},"locations":[{"start":{"line":205,"column":4},"end":{"line":207,"column":5}}]},"39":{"type":"branch","line":209,"loc":{"start":{"line":209,"column":4},"end":{"line":211,"column":5}},"locations":[{"start":{"line":209,"column":4},"end":{"line":211,"column":5}}]},"40":{"type":"branch","line":210,"loc":{"start":{"line":210,"column":41},"end":{"line":210,"column":58}},"locations":[{"start":{"line":210,"column":41},"end":{"line":210,"column":58}}]},"41":{"type":"branch","line":210,"loc":{"start":{"line":210,"column":27},"end":{"line":210,"column":53}},"locations":[{"start":{"line":210,"column":27},"end":{"line":210,"column":53}}]},"42":{"type":"branch","line":213,"loc":{"start":{"line":213,"column":4},"end":{"line":224,"column":5}},"locations":[{"start":{"line":213,"column":4},"end":{"line":224,"column":5}}]},"43":{"type":"branch","line":214,"loc":{"start":{"line":214,"column":42},"end":{"line":214,"column":75}},"locations":[{"start":{"line":214,"column":42},"end":{"line":214,"column":75}}]},"44":{"type":"branch","line":215,"loc":{"start":{"line":215,"column":40},"end":{"line":215,"column":129}},"locations":[{"start":{"line":215,"column":40},"end":{"line":215,"column":129}}]},"45":{"type":"branch","line":215,"loc":{"start":{"line":215,"column":81},"end":{"line":215,"column":123}},"locations":[{"start":{"line":215,"column":81},"end":{"line":215,"column":123}}]},"46":{"type":"branch","line":216,"loc":{"start":{"line":216,"column":50},"end":{"line":216,"column":92}},"locations":[{"start":{"line":216,"column":50},"end":{"line":216,"column":92}}]}},"b":{"0":[1],"1":[6],"2":[18],"3":[48],"4":[8],"5":[8],"6":[40],"7":[40],"8":[17],"9":[19],"10":[8],"11":[19],"12":[0],"13":[1],"14":[18],"15":[22],"16":[2],"17":[1],"18":[0],"19":[5],"20":[6],"21":[2],"22":[4],"23":[6],"24":[5],"25":[1],"26":[9],"27":[1],"28":[8],"29":[2],"30":[8],"31":[2],"32":[0],"33":[8],"34":[2],"35":[2],"36":[0],"37":[0],"38":[1],"39":[2],"40":[1],"41":[1],"42":[3],"43":[5],"44":[5],"45":[5],"46":[5]},"fnMap":{"0":{"name":"initializeProducts","decl":{"start":{"line":15,"column":0},"end":{"line":46,"column":1}},"loc":{"start":{"line":15,"column":0},"end":{"line":46,"column":1}},"line":15},"1":{"name":"initializeDiscounts","decl":{"start":{"line":49,"column":0},"end":{"line":55,"column":1}},"loc":{"start":{"line":49,"column":0},"end":{"line":55,"column":1}},"line":49},"2":{"name":"getCartState","decl":{"start":{"line":62,"column":0},"end":{"line":77,"column":1}},"loc":{"start":{"line":62,"column":0},"end":{"line":77,"column":1}},"line":62},"3":{"name":"_resetForTesting","decl":{"start":{"line":81,"column":4},"end":{"line":86,"column":5}},"loc":{"start":{"line":81,"column":4},"end":{"line":86,"column":5}},"line":81},"4":{"name":"getProducts","decl":{"start":{"line":88,"column":4},"end":{"line":90,"column":5}},"loc":{"start":{"line":88,"column":4},"end":{"line":90,"column":5}},"line":88},"5":{"name":"getCart","decl":{"start":{"line":92,"column":4},"end":{"line":94,"column":5}},"loc":{"start":{"line":92,"column":4},"end":{"line":94,"column":5}},"line":92},"6":{"name":"addToCart","decl":{"start":{"line":96,"column":4},"end":{"line":118,"column":5}},"loc":{"start":{"line":96,"column":4},"end":{"line":118,"column":5}},"line":96},"7":{"name":"removeFromCart","decl":{"start":{"line":120,"column":4},"end":{"line":132,"column":5}},"loc":{"start":{"line":120,"column":4},"end":{"line":132,"column":5}},"line":120},"8":{"name":"clearCart","decl":{"start":{"line":134,"column":4},"end":{"line":138,"column":5}},"loc":{"start":{"line":134,"column":4},"end":{"line":138,"column":5}},"line":134},"9":{"name":"applyDiscount","decl":{"start":{"line":140,"column":4},"end":{"line":147,"column":5}},"loc":{"start":{"line":140,"column":4},"end":{"line":147,"column":5}},"line":140},"10":{"name":"removeDiscount","decl":{"start":{"line":149,"column":4},"end":{"line":152,"column":5}},"loc":{"start":{"line":149,"column":4},"end":{"line":152,"column":5}},"line":149},"11":{"name":"createOrder","decl":{"start":{"line":154,"column":4},"end":{"line":189,"column":5}},"loc":{"start":{"line":154,"column":4},"end":{"line":189,"column":5}},"line":154},"12":{"name":"generateNthOrderDiscount","decl":{"start":{"line":191,"column":4},"end":{"line":203,"column":5}},"loc":{"start":{"line":191,"column":4},"end":{"line":203,"column":5}},"line":191},"13":{"name":"getOrders","decl":{"start":{"line":205,"column":4},"end":{"line":207,"column":5}},"loc":{"start":{"line":205,"column":4},"end":{"line":207,"column":5}},"line":205},"14":{"name":"getOrderById","decl":{"start":{"line":209,"column":4},"end":{"line":211,"column":5}},"loc":{"start":{"line":209,"column":4},"end":{"line":211,"column":5}},"line":209},"15":{"name":"getAdminStats","decl":{"start":{"line":213,"column":4},"end":{"line":224,"column":5}},"loc":{"start":{"line":213,"column":4},"end":{"line":224,"column":5}},"line":213}},"f":{"0":1,"1":18,"2":48,"3":17,"4":19,"5":8,"6":19,"7":2,"8":5,"9":6,"10":1,"11":9,"12":2,"13":1,"14":2,"15":3}}
}
