TN:
SF:src\lib\store.ts
FN:15,initializeProducts
FN:49,initializeDiscounts
FN:62,getCartState
FN:81,_resetForTesting
FN:88,getProducts
FN:92,getCart
FN:96,addToCart
FN:120,removeFromCart
FN:134,clearCart
FN:140,applyDiscount
FN:149,removeDiscount
FN:154,createOrder
FN:191,generateNthOrderDiscount
FN:205,getOrders
FN:209,getOrderById
FN:213,getAdminStats
FNF:16
FNH:16
FNDA:1,initializeProducts
FNDA:18,initializeDiscounts
FNDA:48,getCartState
FNDA:17,_resetForTesting
FNDA:19,getProducts
FNDA:8,getCart
FNDA:19,addToCart
FNDA:2,removeFromCart
FNDA:5,clearCart
FNDA:6,applyDiscount
FNDA:1,removeDiscount
FNDA:9,createOrder
FNDA:2,generateNthOrderDiscount
FNDA:1,getOrders
FNDA:2,getOrderById
FNDA:3,getAdminStats
DA:1,1
DA:2,1
DA:3,1
DA:4,1
DA:5,1
DA:6,1
DA:7,1
DA:8,1
DA:9,1
DA:10,1
DA:11,1
DA:12,1
DA:13,1
DA:14,1
DA:15,1
DA:16,1
DA:17,1
DA:18,6
DA:19,6
DA:20,6
DA:21,6
DA:22,6
DA:23,6
DA:24,6
DA:25,6
DA:26,6
DA:27,6
DA:28,6
DA:29,6
DA:30,6
DA:31,6
DA:32,6
DA:33,6
DA:34,6
DA:35,6
DA:36,6
DA:37,6
DA:38,6
DA:39,6
DA:40,6
DA:41,6
DA:42,6
DA:43,6
DA:44,6
DA:45,1
DA:46,1
DA:47,1
DA:48,1
DA:49,18
DA:50,18
DA:51,18
DA:52,18
DA:53,18
DA:54,18
DA:55,18
DA:56,1
DA:57,1
DA:58,1
DA:59,1
DA:60,1
DA:61,1
DA:62,48
DA:63,48
DA:64,48
DA:65,48
DA:66,48
DA:67,8
DA:68,8
DA:69,48
DA:70,48
DA:71,48
DA:72,48
DA:73,48
DA:74,48
DA:75,48
DA:76,48
DA:77,48
DA:78,1
DA:79,1
DA:80,1
DA:81,1
DA:82,17
DA:83,17
DA:84,17
DA:85,17
DA:86,17
DA:87,1
DA:88,1
DA:89,19
DA:90,19
DA:91,1
DA:92,1
DA:93,8
DA:94,8
DA:95,1
DA:96,1
DA:97,19
DA:98,19
DA:99,0
DA:100,0
DA:101,19
DA:102,19
DA:103,1
DA:104,1
DA:105,19
DA:106,18
DA:107,18
DA:108,18
DA:109,18
DA:110,18
DA:111,18
DA:112,18
DA:113,18
DA:114,18
DA:115,18
DA:116,18
DA:117,19
DA:118,19
DA:119,1
DA:120,1
DA:121,2
DA:122,2
DA:123,2
DA:124,1
DA:125,1
DA:126,1
DA:127,1
DA:128,2
DA:129,0
DA:130,0
DA:131,2
DA:132,2
DA:133,1
DA:134,1
DA:135,5
DA:136,5
DA:137,5
DA:138,5
DA:139,1
DA:140,1
DA:141,6
DA:142,6
DA:143,2
DA:144,2
DA:145,4
DA:146,4
DA:147,4
DA:148,1
DA:149,1
DA:150,1
DA:151,1
DA:152,1
DA:153,1
DA:154,1
DA:155,9
DA:156,9
DA:157,1
DA:158,1
DA:159,8
DA:160,8
DA:161,8
DA:162,8
DA:163,8
DA:164,8
DA:165,8
DA:166,8
DA:167,8
DA:168,8
DA:169,8
DA:170,8
DA:171,8
DA:172,8
DA:173,9
DA:174,2
DA:175,2
DA:176,2
DA:177,2
DA:178,2
DA:179,8
DA:180,8
DA:181,9
DA:182,2
DA:183,2
DA:184,8
DA:185,8
DA:186,8
DA:187,8
DA:188,8
DA:189,8
DA:190,1
DA:191,1
DA:192,2
DA:193,0
DA:194,0
DA:195,2
DA:196,2
DA:197,2
DA:198,2
DA:199,2
DA:200,2
DA:201,2
DA:202,2
DA:203,2
DA:204,1
DA:205,1
DA:206,1
DA:207,1
DA:208,1
DA:209,1
DA:210,2
DA:211,2
DA:212,1
DA:213,1
DA:214,3
DA:215,3
DA:216,3
DA:217,3
DA:218,3
DA:219,3
DA:220,3
DA:221,3
DA:222,3
DA:223,3
DA:224,3
DA:225,1
DA:226,1
DA:227,1
LF:227
LH:221
BRDA:15,0,0,1
BRDA:17,1,0,6
BRDA:49,2,0,18
BRDA:62,3,0,48
BRDA:66,4,0,8
BRDA:75,5,0,8
BRDA:75,6,0,40
BRDA:64,7,0,40
BRDA:81,8,0,17
BRDA:88,9,0,19
BRDA:92,10,0,8
BRDA:96,11,0,19
BRDA:98,12,0,0
BRDA:102,13,0,1
BRDA:105,14,0,18
BRDA:97,15,0,22
BRDA:120,16,0,2
BRDA:123,17,0,1
BRDA:128,18,0,0
BRDA:134,19,0,5
BRDA:140,20,0,6
BRDA:142,21,0,2
BRDA:144,22,0,4
BRDA:141,23,0,6
BRDA:141,24,0,5
BRDA:149,25,0,1
BRDA:154,26,0,9
BRDA:156,27,0,1
BRDA:158,28,0,8
BRDA:173,29,0,2
BRDA:178,30,0,8
BRDA:181,31,0,2
BRDA:182,32,0,0
BRDA:183,33,0,8
BRDA:174,34,0,2
BRDA:191,35,0,2
BRDA:192,36,0,0
BRDA:192,37,0,0
BRDA:205,38,0,1
BRDA:209,39,0,2
BRDA:210,40,0,1
BRDA:210,41,0,1
BRDA:213,42,0,3
BRDA:214,43,0,5
BRDA:215,44,0,5
BRDA:215,45,0,5
BRDA:216,46,0,5
BRF:47
BRH:42
end_of_record
